TN:
SF:src/records/app/bsky/Feed.sol
FN:17,AppBsky.readFeedLike
FNDA:2,AppBsky.readFeedLike
DA:18,2
DA:20,2
BRDA:20,0,0,-
BRDA:20,0,1,2
DA:22,2
DA:23,2
DA:24,6
DA:25,6
BRDA:25,1,0,2
BRDA:25,1,1,-
DA:26,2
DA:27,4
BRDA:27,2,0,2
BRDA:27,2,1,-
DA:28,2
DA:29,2
DA:30,2
BRDA:30,3,0,-
BRDA:30,3,1,2
DA:31,2
BRDA:31,4,0,2
BRDA:31,4,1,-
DA:33,2
DA:36,0
DA:39,2
DA:41,2
FN:44,AppBsky.readFeedPost
FNDA:2,AppBsky.readFeedPost
DA:45,2
DA:47,2
BRDA:47,5,0,-
BRDA:47,5,1,2
DA:49,2
DA:50,2
DA:51,8
DA:52,8
BRDA:52,6,0,2
BRDA:52,6,1,-
DA:53,2
DA:54,6
BRDA:54,7,0,2
BRDA:54,7,1,-
DA:55,2
DA:56,2
DA:57,2
BRDA:57,8,0,-
BRDA:57,8,1,2
DA:58,4
BRDA:58,9,0,2
BRDA:58,9,1,-
DA:60,2
DA:61,2
DA:62,2
DA:63,2
DA:65,2
BRDA:65,10,0,2
BRDA:65,10,1,-
DA:67,2
DA:70,0
DA:73,2
DA:75,2
FN:78,AppBsky.readFeedRepost
FNDA:2,AppBsky.readFeedRepost
DA:79,2
DA:81,2
BRDA:81,11,0,-
BRDA:81,11,1,2
DA:83,2
DA:84,2
DA:85,6
DA:86,6
BRDA:86,12,0,2
BRDA:86,12,1,-
DA:87,2
DA:88,4
BRDA:88,13,0,2
BRDA:88,13,1,-
DA:89,2
DA:90,2
DA:91,2
BRDA:91,14,0,-
BRDA:91,14,1,2
DA:92,2
BRDA:92,15,0,2
BRDA:92,15,1,-
DA:94,2
DA:97,0
DA:100,2
DA:102,2
FNF:3
FNH:3
LF:53
LH:50
BRF:32
BRH:16
end_of_record
TN:
SF:src/repo/ReadCommit.sol
FN:24,ReadCommit.readCommit
FNDA:2,ReadCommit.readCommit
DA:25,2
DA:27,2
BRDA:27,0,0,-
BRDA:27,0,1,2
DA:29,2
DA:30,10
DA:31,10
DA:32,10
BRDA:32,1,0,2
BRDA:32,1,1,-
DA:33,2
DA:35,2
BRDA:35,2,0,-
BRDA:35,2,1,2
DA:36,8
BRDA:36,3,0,2
BRDA:36,3,1,-
DA:37,2
DA:38,2
DA:39,2
BRDA:39,4,0,-
BRDA:39,4,1,2
DA:40,6
BRDA:40,5,0,2
BRDA:40,5,1,-
DA:41,2
DA:42,4
BRDA:42,6,0,2
BRDA:42,6,1,-
DA:44,2
DA:45,2
BRDA:45,7,0,2
BRDA:45,7,1,-
DA:47,2
DA:50,0
DA:54,2
FNF:1
FNH:1
LF:20
LH:19
BRF:16
BRH:8
end_of_record
TN:
SF:src/repo/ReadStrongRef.sol
FN:12,ReadStrongRef.readStrongRef
FNDA:4,ReadStrongRef.readStrongRef
DA:13,4
DA:14,4
DA:16,4
BRDA:16,0,0,-
BRDA:16,0,1,4
DA:18,4
DA:20,4
DA:21,4
DA:23,4
DA:24,8
DA:25,8
BRDA:25,1,0,4
BRDA:25,1,1,-
DA:26,4
DA:27,4
BRDA:27,2,0,4
BRDA:27,2,1,-
DA:28,4
DA:30,0
DA:34,4
FNF:1
FNH:1
LF:14
LH:13
BRF:6
BRH:3
end_of_record
TN:
SF:src/repo/ReadTree.sol
FN:31,MST.has
FNDA:1,MST.has
DA:32,1
BRDA:32,0,0,-
BRDA:32,0,1,1
DA:33,1
FN:36,MST.verifyInclusion
FNDA:1,MST.verifyInclusion
DA:41,1
DA:42,1
DA:43,1
DA:44,1
DA:45,1
DA:48,1
DA:49,1
DA:51,36
DA:52,35
DA:54,35
DA:55,35
BRDA:55,1,0,31
DA:56,31
DA:57,31
DA:59,4
DA:61,4
DA:63,4
DA:64,30
DA:65,30
BRDA:65,2,0,1
DA:66,1
BRDA:66,3,0,-
BRDA:66,3,1,1
DA:67,1
DA:74,4
DA:75,4
DA:78,1
BRDA:78,4,0,-
BRDA:78,4,1,1
DA:79,1
FN:82,MST.compareKeys
FNDA:30,MST.compareKeys
DA:83,30
FN:86,MST.hasCid
FNDA:36,MST.hasCid
DA:88,36
BRDA:88,5,0,5
DA:89,31
DA:90,31
DA:91,144
DA:92,118
BRDA:92,6,0,5
DA:93,5
DA:94,5
DA:95,5
FN:102,MST.queueCat
FNDA:4,MST.queueCat
DA:107,4
DA:110,4
DA:111,4
DA:113,4
DA:114,4
DA:115,28
DA:116,4
DA:117,4
DA:118,34
FN:124,MST.pop
FNDA:31,MST.pop
DA:125,31
DA:126,31
DA:127,357
FN:135,ReadTree.readTree
FNDA:4,ReadTree.readTree
DA:136,4
DA:137,4
DA:139,4
DA:140,16
DA:141,16
DA:144,16
DA:145,24
BRDA:145,0,0,-
BRDA:145,0,1,24
FN:158,ReadTree.readEi
FNDA:120,ReadTree.readEi
DA:159,120
DA:160,120
DA:162,120
BRDA:162,1,0,-
BRDA:162,1,1,120
DA:164,120
DA:165,120
DA:166,120
DA:167,120
DA:169,120
DA:170,480
DA:171,480
DA:172,480
BRDA:172,2,0,120
BRDA:172,2,1,-
DA:173,120
DA:174,360
BRDA:174,3,0,120
BRDA:174,3,1,-
DA:175,120
DA:176,240
BRDA:176,4,0,120
BRDA:176,4,1,-
DA:177,120
DA:178,120
BRDA:178,5,0,120
BRDA:178,5,1,-
DA:179,120
DA:181,0
DA:185,120
FN:188,ReadTree.keyCat
FNDA:120,ReadTree.keyCat
DA:189,120
BRDA:189,6,0,16
BRDA:189,6,1,104
DA:190,16
DA:192,104
DA:193,104
DA:195,208
DA:196,104
DA:198,208
DA:199,104
FN:205,ReadTree.buildEntryKeys
FNDA:16,ReadTree.buildEntryKeys
DA:206,16
DA:207,16
DA:208,16
DA:209,120
DA:210,120
DA:211,120
FN:215,ReadTree.readNode
FNDA:16,ReadTree.readNode
DA:216,16
DA:217,16
BRDA:217,7,0,-
BRDA:217,7,1,16
DA:218,16
DA:219,16
DA:220,32
DA:221,32
BRDA:221,8,0,16
BRDA:221,8,1,-
DA:222,16
DA:223,16
BRDA:223,9,0,16
BRDA:223,9,1,-
DA:224,16
DA:225,16
DA:226,16
DA:228,0
DA:231,16
BRDA:231,10,0,-
BRDA:231,10,1,16
FN:234,ReadTree.readE
FNDA:16,ReadTree.readE
DA:235,16
DA:236,16
DA:238,16
DA:239,16
DA:240,120
DA:243,16
FNF:12
FNH:12
LF:107
LH:105
BRF:32
BRH:19
end_of_record
